<?xml version="1.0" encoding="UTF-8"?>
<!-- Generated by org.testng.reporters.JUnitReportReporter -->
<testsuite skipped="0" hostname="DESKTOP-KBVJ1V7" name="com.qa.testcases.LoginTest" tests="2" failures="0" timestamp="15 Nov 2019 00:24:34 GMT" time="16.061" errors="0">
  <testcase name="pageTitle" time="8.657" classname="com.qa.testcases.LoginTest"/>
  <testcase name="loginValidation" time="7.404" classname="com.qa.testcases.LoginTest"/>
</testsuite> <!-- com.qa.testcases.LoginTest -->
